# JRE version: Java(TM) SE Runtime Environment (24.0.2+12) (build 24.0.2+12-54)
# Java VM: Java HotSpot(TM) 64-Bit Server VM (24.0.2+12-54, mixed mode, sharing, tiered, compressed oops, compressed class ptrs, g1 gc, windows-amd64)
GC Precious Log:
 CardTable entry size: 512
 Card Set container configuration: InlinePtr #cards 5 size 8 Array Of Cards #cards 10 size 36 Howl #buckets 4 coarsen threshold 1843 Howl Bitmap #cards 512 size 80 coarsen threshold 460 Card regions per heap region 1 cards per card region 2048
 CPUs: 4 total, 4 available
 Memory: 8052M
 Large Page Support: Disabled
 NUMA Support: Disabled
 Compressed Oops: Enabled (32-bit)
 Heap Region Size: 1M
 Heap Min Capacity: 8M
 Heap Initial Capacity: 126M
 Heap Max Capacity: 2014M
 Pre-touch: Disabled
 Parallel Workers: 4
 Concurrent Workers: 1
 Concurrent Refinement Workers: 4
 Periodic GC: Disabled
Heap:
 garbage-first heap   total reserved 2062336K, committed 157696K, used 75667K [0x0000000082200000, 0x0000000100000000)
  region size 1024K, 3 young (3072K), 3 survivors (3072K)
 Metaspace       used 19461K, committed 19840K, reserved 1114112K
  class space    used 1598K, committed 1792K, reserved 1048576K
GC Heap History (20 events):
Event: 764.546 GC heap after
{Heap after GC invocations=79 (full 0):
 garbage-first heap   total reserved 2062336K, committed 157696K, used 63320K [0x0000000082200000, 0x0000000100000000)
  region size 1024K, 1 young (1024K), 1 survivors (1024K)
 Metaspace       used 19452K, committed 19776K, reserved 1114112K
  class space    used 1598K, committed 1792K, reserved 1048576K
}
Event: 772.671 GC heap before
{Heap before GC invocations=79 (full 0):
 garbage-first heap   total reserved 2062336K, committed 157696K, used 128856K [0x0000000082200000, 0x0000000100000000)
  region size 1024K, 66 young (67584K), 1 survivors (1024K)
 Metaspace       used 19452K, committed 19776K, reserved 1114112K
  class space    used 1598K, committed 1792K, reserved 1048576K
}
Event: 772.703 GC heap after
{Heap after GC invocations=80 (full 0):
 garbage-first heap   total reserved 2062336K, committed 157696K, used 71469K [0x0000000082200000, 0x0000000100000000)
  region size 1024K, 8 young (8192K), 8 survivors (8192K)
 Metaspace       used 19452K, committed 19776K, reserved 1114112K
  class space    used 1598K, committed 1792K, reserved 1048576K
}
Event: 776.742 GC heap before
{Heap before GC invocations=80 (full 0):
 garbage-first heap   total reserved 2062336K, committed 157696K, used 126765K [0x0000000082200000, 0x0000000100000000)
  region size 1024K, 63 young (64512K), 8 survivors (8192K)
 Metaspace       used 19458K, committed 19840K, reserved 1114112K
  class space    used 1598K, committed 1792K, reserved 1048576K
}
Event: 776.753 GC heap after
{Heap after GC invocations=81 (full 0):
 garbage-first heap   total reserved 2062336K, committed 157696K, used 71450K [0x0000000082200000, 0x0000000100000000)
  region size 1024K, 8 young (8192K), 8 survivors (8192K)
 Metaspace       used 19458K, committed 19840K, reserved 1114112K
  class space    used 1598K, committed 1792K, reserved 1048576K
}
Event: 794.159 GC heap before
{Heap before GC invocations=81 (full 0):
 garbage-first heap   total reserved 2062336K, committed 157696K, used 136986K [0x0000000082200000, 0x0000000100000000)
  region size 1024K, 72 young (73728K), 8 survivors (8192K)
 Metaspace       used 19458K, committed 19840K, reserved 1114112K
  class space    used 1598K, committed 1792K, reserved 1048576K
}
Event: 794.226 GC heap after
{Heap after GC invocations=82 (full 0):
 garbage-first heap   total reserved 2062336K, committed 157696K, used 65065K [0x0000000082200000, 0x0000000100000000)
  region size 1024K, 1 young (1024K), 1 survivors (1024K)
 Metaspace       used 19458K, committed 19840K, reserved 1114112K
  class space    used 1598K, committed 1792K, reserved 1048576K
}
Event: 827.282 GC heap before
{Heap before GC invocations=82 (full 0):
 garbage-first heap   total reserved 2062336K, committed 157696K, used 138793K [0x0000000082200000, 0x0000000100000000)
  region size 1024K, 73 young (74752K), 1 survivors (1024K)
 Metaspace       used 19458K, committed 19840K, reserved 1114112K
  class space    used 1598K, committed 1792K, reserved 1048576K
}
Event: 827.499 GC heap after
{Heap after GC invocations=83 (full 0):
 garbage-first heap   total reserved 2062336K, committed 157696K, used 64918K [0x0000000082200000, 0x0000000100000000)
  region size 1024K, 1 young (1024K), 1 survivors (1024K)
 Metaspace       used 19458K, committed 19840K, reserved 1114112K
  class space    used 1598K, committed 1792K, reserved 1048576K
}
Event: 831.434 GC heap before
{Heap before GC invocations=83 (full 0):
 garbage-first heap   total reserved 2062336K, committed 157696K, used 77206K [0x0000000082200000, 0x0000000100000000)
  region size 1024K, 14 young (14336K), 1 survivors (1024K)
 Metaspace       used 19461K, committed 19840K, reserved 1114112K
  class space    used 1598K, committed 1792K, reserved 1048576K
}
Event: 831.447 GC heap after
{Heap after GC invocations=84 (full 0):
 garbage-first heap   total reserved 2062336K, committed 157696K, used 67110K [0x0000000082200000, 0x0000000100000000)
  region size 1024K, 2 young (2048K), 2 survivors (2048K)
 Metaspace       used 19461K, committed 19840K, reserved 1114112K
  class space    used 1598K, committed 1792K, reserved 1048576K
}
Event: 831.536 GC heap before
{Heap before GC invocations=84 (full 0):
 garbage-first heap   total reserved 2062336K, committed 157696K, used 75302K [0x0000000082200000, 0x0000000100000000)
  region size 1024K, 11 young (11264K), 2 survivors (2048K)
 Metaspace       used 19461K, committed 19840K, reserved 1114112K
  class space    used 1598K, committed 1792K, reserved 1048576K
}
Event: 831.546 GC heap after
{Heap after GC invocations=85 (full 0):
 garbage-first heap   total reserved 2062336K, committed 157696K, used 68642K [0x0000000082200000, 0x0000000100000000)
  region size 1024K, 2 young (2048K), 2 survivors (2048K)
 Metaspace       used 19461K, committed 19840K, reserved 1114112K
  class space    used 1598K, committed 1792K, reserved 1048576K
}
Event: 831.653 GC heap before
{Heap before GC invocations=85 (full 0):
 garbage-first heap   total reserved 2062336K, committed 157696K, used 75810K [0x0000000082200000, 0x0000000100000000)
  region size 1024K, 10 young (10240K), 2 survivors (2048K)
 Metaspace       used 19461K, committed 19840K, reserved 1114112K
  class space    used 1598K, committed 1792K, reserved 1048576K
}
Event: 831.656 GC heap after
{Heap after GC invocations=86 (full 0):
 garbage-first heap   total reserved 2062336K, committed 157696K, used 68944K [0x0000000082200000, 0x0000000100000000)
  region size 1024K, 2 young (2048K), 2 survivors (2048K)
 Metaspace       used 19461K, committed 19840K, reserved 1114112K
  class space    used 1598K, committed 1792K, reserved 1048576K
}
Event: 831.741 GC heap before
{Heap before GC invocations=86 (full 0):
 garbage-first heap   total reserved 2062336K, committed 157696K, used 80208K [0x0000000082200000, 0x0000000100000000)
  region size 1024K, 14 young (14336K), 2 survivors (2048K)
 Metaspace       used 19461K, committed 19840K, reserved 1114112K
  class space    used 1598K, committed 1792K, reserved 1048576K
}
Event: 831.748 GC heap after
{Heap after GC invocations=87 (full 0):
 garbage-first heap   total reserved 2062336K, committed 157696K, used 71139K [0x0000000082200000, 0x0000000100000000)
  region size 1024K, 2 young (2048K), 2 survivors (2048K)
 Metaspace       used 19461K, committed 19840K, reserved 1114112K
  class space    used 1598K, committed 1792K, reserved 1048576K
}
Event: 831.823 GC heap before
{Heap before GC invocations=87 (full 0):
 garbage-first heap   total reserved 2062336K, committed 157696K, used 85475K [0x0000000082200000, 0x0000000100000000)
  region size 1024K, 17 young (17408K), 2 survivors (2048K)
 Metaspace       used 19461K, committed 19840K, reserved 1114112K
  class space    used 1598K, committed 1792K, reserved 1048576K
}
Event: 831.833 GC heap after
{Heap after GC invocations=88 (full 0):
 garbage-first heap   total reserved 2062336K, committed 157696K, used 74586K [0x0000000082200000, 0x0000000100000000)
  region size 1024K, 3 young (3072K), 3 survivors (3072K)
 Metaspace       used 19461K, committed 19840K, reserved 1114112K
  class space    used 1598K, committed 1792K, reserved 1048576K
}
Event: 831.916 GC heap before
{Heap before GC invocations=88 (full 0):
 garbage-first heap   total reserved 2062336K, committed 157696K, used 89946K [0x0000000082200000, 0x0000000100000000)
  region size 1024K, 19 young (19456K), 3 survivors (3072K)
 Metaspace       used 19461K, committed 19840K, reserved 1114112K
  class space    used 1598K, committed 1792K, reserved 1048576K
}

